[0.680s] Invoking command in '/home/denis/ros2_ws_turtle/src/turtle_control': PYTHONPATH=/home/denis/ros2_ws_turtle/build/turtle_control/prefix_override:/usr/lib/python3/dist-packages/colcon_core/task/python/colcon_distutils_commands:/home/denis/ros2_ws_turtle/install/turtle_control/lib/python3.10/site-packages:${PYTHONPATH} /usr/bin/python3 -W ignore:setup.py install is deprecated -W ignore:easy_install command is deprecated setup.py egg_info --egg-base ../../build/turtle_control build --build-base /home/denis/ros2_ws_turtle/build/turtle_control/build install --record /home/denis/ros2_ws_turtle/build/turtle_control/install.log --single-version-externally-managed install_data
[0.907s] running egg_info
[0.907s] writing ../../build/turtle_control/turtle_control.egg-info/PKG-INFO
[0.910s] writing dependency_links to ../../build/turtle_control/turtle_control.egg-info/dependency_links.txt
[0.910s] writing entry points to ../../build/turtle_control/turtle_control.egg-info/entry_points.txt
[0.910s] writing requirements to ../../build/turtle_control/turtle_control.egg-info/requires.txt
[0.910s] writing top-level names to ../../build/turtle_control/turtle_control.egg-info/top_level.txt
[0.911s] reading manifest file '../../build/turtle_control/turtle_control.egg-info/SOURCES.txt'
[0.912s] adding license file 'LICENSE'
[0.913s] writing manifest file '../../build/turtle_control/turtle_control.egg-info/SOURCES.txt'
[0.913s] running build
[0.913s] running build_py
[0.914s] copying turtle_control/turtle_control.py -> /home/denis/ros2_ws_turtle/build/turtle_control/build/lib/turtle_control
[0.914s] running install
[0.915s] running install_lib
[0.916s] copying /home/denis/ros2_ws_turtle/build/turtle_control/build/lib/turtle_control/turtle_control.py -> /home/denis/ros2_ws_turtle/install/turtle_control/lib/python3.10/site-packages/turtle_control
[0.917s] byte-compiling /home/denis/ros2_ws_turtle/install/turtle_control/lib/python3.10/site-packages/turtle_control/turtle_control.py to turtle_control.cpython-310.pyc
[0.920s] running install_data
[0.921s] running install_egg_info
[0.923s] removing '/home/denis/ros2_ws_turtle/install/turtle_control/lib/python3.10/site-packages/turtle_control-0.0.0-py3.10.egg-info' (and everything under it)
[0.923s] Copying ../../build/turtle_control/turtle_control.egg-info to /home/denis/ros2_ws_turtle/install/turtle_control/lib/python3.10/site-packages/turtle_control-0.0.0-py3.10.egg-info
[0.924s] running install_scripts
[0.943s] Installing turtle_control script to /home/denis/ros2_ws_turtle/install/turtle_control/lib/turtle_control
[0.943s] Installing turtle_control2 script to /home/denis/ros2_ws_turtle/install/turtle_control/lib/turtle_control
[0.944s] writing list of installed files to '/home/denis/ros2_ws_turtle/build/turtle_control/install.log'
[0.965s] Invoked command in '/home/denis/ros2_ws_turtle/src/turtle_control' returned '0': PYTHONPATH=/home/denis/ros2_ws_turtle/build/turtle_control/prefix_override:/usr/lib/python3/dist-packages/colcon_core/task/python/colcon_distutils_commands:/home/denis/ros2_ws_turtle/install/turtle_control/lib/python3.10/site-packages:${PYTHONPATH} /usr/bin/python3 -W ignore:setup.py install is deprecated -W ignore:easy_install command is deprecated setup.py egg_info --egg-base ../../build/turtle_control build --build-base /home/denis/ros2_ws_turtle/build/turtle_control/build install --record /home/denis/ros2_ws_turtle/build/turtle_control/install.log --single-version-externally-managed install_data
