/home/denis/ros2_ws_turtle/install/turtle_control/lib/python3.10/site-packages/turtle_control/turtle_control_bkp3.py
/home/denis/ros2_ws_turtle/install/turtle_control/lib/python3.10/site-packages/turtle_control/__init__.py
/home/denis/ros2_ws_turtle/install/turtle_control/lib/python3.10/site-packages/turtle_control/turtle_control_bkp.py
/home/denis/ros2_ws_turtle/install/turtle_control/lib/python3.10/site-packages/turtle_control/turtle_control.py
/home/denis/ros2_ws_turtle/install/turtle_control/lib/python3.10/site-packages/turtle_control/turtle_control_bkp2.py
/home/denis/ros2_ws_turtle/install/turtle_control/lib/python3.10/site-packages/turtle_control/__pycache__/turtle_control_bkp3.cpython-310.pyc
/home/denis/ros2_ws_turtle/install/turtle_control/lib/python3.10/site-packages/turtle_control/__pycache__/__init__.cpython-310.pyc
/home/denis/ros2_ws_turtle/install/turtle_control/lib/python3.10/site-packages/turtle_control/__pycache__/turtle_control_bkp.cpython-310.pyc
/home/denis/ros2_ws_turtle/install/turtle_control/lib/python3.10/site-packages/turtle_control/__pycache__/turtle_control.cpython-310.pyc
/home/denis/ros2_ws_turtle/install/turtle_control/lib/python3.10/site-packages/turtle_control/__pycache__/turtle_control_bkp2.cpython-310.pyc
/home/denis/ros2_ws_turtle/install/turtle_control/share/ament_index/resource_index/packages/turtle_control
/home/denis/ros2_ws_turtle/install/turtle_control/share/turtle_control/package.xml
/home/denis/ros2_ws_turtle/install/turtle_control/lib/python3.10/site-packages/turtle_control-0.0.0-py3.10.egg-info/top_level.txt
/home/denis/ros2_ws_turtle/install/turtle_control/lib/python3.10/site-packages/turtle_control-0.0.0-py3.10.egg-info/SOURCES.txt
/home/denis/ros2_ws_turtle/install/turtle_control/lib/python3.10/site-packages/turtle_control-0.0.0-py3.10.egg-info/zip-safe
/home/denis/ros2_ws_turtle/install/turtle_control/lib/python3.10/site-packages/turtle_control-0.0.0-py3.10.egg-info/entry_points.txt
/home/denis/ros2_ws_turtle/install/turtle_control/lib/python3.10/site-packages/turtle_control-0.0.0-py3.10.egg-info/PKG-INFO
/home/denis/ros2_ws_turtle/install/turtle_control/lib/python3.10/site-packages/turtle_control-0.0.0-py3.10.egg-info/requires.txt
/home/denis/ros2_ws_turtle/install/turtle_control/lib/python3.10/site-packages/turtle_control-0.0.0-py3.10.egg-info/dependency_links.txt
/home/denis/ros2_ws_turtle/install/turtle_control/lib/turtle_control/turtle_control
/home/denis/ros2_ws_turtle/install/turtle_control/lib/turtle_control/turtle_control2
