[0.736s] Invoking command in '/home/denis/ros2_ws_turtle/src/turtle_control': PYTHONPATH=/home/denis/ros2_ws_turtle/build/turtle_control/prefix_override:/usr/lib/python3/dist-packages/colcon_core/task/python/colcon_distutils_commands:/home/denis/ros2_ws_turtle/install/turtle_control/lib/python3.10/site-packages:${PYTHONPATH} /usr/bin/python3 -W ignore:setup.py install is deprecated -W ignore:easy_install command is deprecated setup.py egg_info --egg-base ../../build/turtle_control build --build-base /home/denis/ros2_ws_turtle/build/turtle_control/build install --record /home/denis/ros2_ws_turtle/build/turtle_control/install.log --single-version-externally-managed install_data
[0.962s] running egg_info
[0.963s] writing ../../build/turtle_control/turtle_control.egg-info/PKG-INFO
[0.965s] writing dependency_links to ../../build/turtle_control/turtle_control.egg-info/dependency_links.txt
[0.965s] writing entry points to ../../build/turtle_control/turtle_control.egg-info/entry_points.txt
[0.965s] writing requirements to ../../build/turtle_control/turtle_control.egg-info/requires.txt
[0.965s] writing top-level names to ../../build/turtle_control/turtle_control.egg-info/top_level.txt
[0.967s] reading manifest file '../../build/turtle_control/turtle_control.egg-info/SOURCES.txt'
[0.967s] adding license file 'LICENSE'
[0.968s] writing manifest file '../../build/turtle_control/turtle_control.egg-info/SOURCES.txt'
[0.968s] running build
[0.968s] running build_py
[0.969s] copying turtle_control/turtle_control.py -> /home/denis/ros2_ws_turtle/build/turtle_control/build/lib/turtle_control
[0.969s] running install
[0.969s] running install_lib
[0.970s] copying /home/denis/ros2_ws_turtle/build/turtle_control/build/lib/turtle_control/turtle_control.py -> /home/denis/ros2_ws_turtle/install/turtle_control/lib/python3.10/site-packages/turtle_control
[0.971s] byte-compiling /home/denis/ros2_ws_turtle/install/turtle_control/lib/python3.10/site-packages/turtle_control/turtle_control.py to turtle_control.cpython-310.pyc
[0.972s] running install_data
[0.973s] running install_egg_info
[0.975s] removing '/home/denis/ros2_ws_turtle/install/turtle_control/lib/python3.10/site-packages/turtle_control-0.0.0-py3.10.egg-info' (and everything under it)
[0.975s] Copying ../../build/turtle_control/turtle_control.egg-info to /home/denis/ros2_ws_turtle/install/turtle_control/lib/python3.10/site-packages/turtle_control-0.0.0-py3.10.egg-info
[0.976s] running install_scripts
[0.995s] Installing turtle_control script to /home/denis/ros2_ws_turtle/install/turtle_control/lib/turtle_control
[0.996s] writing list of installed files to '/home/denis/ros2_ws_turtle/build/turtle_control/install.log'
[1.017s] Invoked command in '/home/denis/ros2_ws_turtle/src/turtle_control' returned '0': PYTHONPATH=/home/denis/ros2_ws_turtle/build/turtle_control/prefix_override:/usr/lib/python3/dist-packages/colcon_core/task/python/colcon_distutils_commands:/home/denis/ros2_ws_turtle/install/turtle_control/lib/python3.10/site-packages:${PYTHONPATH} /usr/bin/python3 -W ignore:setup.py install is deprecated -W ignore:easy_install command is deprecated setup.py egg_info --egg-base ../../build/turtle_control build --build-base /home/denis/ros2_ws_turtle/build/turtle_control/build install --record /home/denis/ros2_ws_turtle/build/turtle_control/install.log --single-version-externally-managed install_data
